Flow report for hello_world
Sun Aug 12 11:33:54 2018
Quartus II 64-Bit Version 14.1.0 Build 186 12/03/2014 SJ Full Version


---------------------
; Table of Contents ;
---------------------
  1. Legal Notice
  2. Flow Summary
  3. Flow Settings
  4. Flow Non-Default Global Settings
  5. Flow Elapsed Time
  6. Flow OS Summary
  7. Flow Log
  8. Flow Messages
  9. Flow Suppressed Messages



----------------
; Legal Notice ;
----------------
Copyright (C) 1991-2014 Altera Corporation. All rights reserved.
Your use of Altera Corporation's design tools, logic functions 
and other software and tools, and its AMPP partner logic 
functions, and any output files from any of the foregoing 
(including device programming or simulation files), and any 
associated documentation or information are expressly subject 
to the terms and conditions of the Altera Program License 
Subscription Agreement, the Altera Quartus II License Agreement,
the Altera MegaCore Function License Agreement, or other 
applicable license agreement, including, without limitation, 
that your use is for the sole purpose of programming logic 
devices manufactured by Altera and sold by Altera or its 
authorized distributors.  Please refer to the applicable 
agreement for further details.



+----------------------------------------------------------------------------------+
; Flow Summary                                                                     ;
+------------------------------------+---------------------------------------------+
; Flow Status                        ; Successful - Sun Aug 12 11:33:54 2018       ;
; Quartus II 64-Bit Version          ; 14.1.0 Build 186 12/03/2014 SJ Full Version ;
; Revision Name                      ; hello_world                                 ;
; Top-level Entity Name              ; hello_world                                 ;
; Family                             ; Cyclone IV GX                               ;
; Device                             ; EP4CGX150DF27C7                             ;
; Timing Models                      ; Final                                       ;
; Total logic elements               ; 3,604 / 149,760 ( 2 % )                     ;
;     Total combinational functions  ; 3,230 / 149,760 ( 2 % )                     ;
;     Dedicated logic registers      ; 2,143 / 149,760 ( 1 % )                     ;
; Total registers                    ; 2143                                        ;
; Total pins                         ; 8 / 426 ( 2 % )                             ;
; Total virtual pins                 ; 0                                           ;
; Total memory bits                  ; 727,296 / 6,635,520 ( 11 % )                ;
; Embedded Multiplier 9-bit elements ; 6 / 720 ( < 1 % )                           ;
; Total GXB Receiver Channel PCS     ; 0 / 8 ( 0 % )                               ;
; Total GXB Receiver Channel PMA     ; 0 / 8 ( 0 % )                               ;
; Total GXB Transmitter Channel PCS  ; 0 / 8 ( 0 % )                               ;
; Total GXB Transmitter Channel PMA  ; 0 / 8 ( 0 % )                               ;
; Total PLLs                         ; 1 / 8 ( 13 % )                              ;
+------------------------------------+---------------------------------------------+


+-----------------------------------------+
; Flow Settings                           ;
+-------------------+---------------------+
; Option            ; Setting             ;
+-------------------+---------------------+
; Start date & time ; 08/12/2018 11:28:17 ;
; Main task         ; Compilation         ;
; Revision Name     ; hello_world         ;
+-------------------+---------------------+


+----------------------------------------------------------------------------------------------------------------------------+
; Flow Non-Default Global Settings                                                                                           ;
+-------------------------------------+---------------------------------------+---------------+-------------+----------------+
; Assignment Name                     ; Value                                 ; Default Value ; Entity Name ; Section Id     ;
+-------------------------------------+---------------------------------------+---------------+-------------+----------------+
; COMPILER_SIGNATURE_ID               ; 161060393863352.153404449615284       ; --            ; --          ; --             ;
; EDA_OUTPUT_DATA_FORMAT              ; Verilog Hdl                           ; --            ; --          ; eda_simulation ;
; EDA_SIMULATION_TOOL                 ; ModelSim-Altera (Verilog)             ; <None>        ; --          ; --             ;
; MAX_CORE_JUNCTION_TEMP              ; 85                                    ; --            ; --          ; --             ;
; MIN_CORE_JUNCTION_TEMP              ; 0                                     ; --            ; --          ; --             ;
; MISC_FILE                           ; core/pll/alt_pll_inst.v               ; --            ; --          ; --             ;
; MISC_FILE                           ; core/pll/alt_pll_bb.v                 ; --            ; --          ; --             ;
; MISC_FILE                           ; core/pll/alt_pll.ppf                  ; --            ; --          ; --             ;
; PARTITION_COLOR                     ; 16764057                              ; --            ; --          ; Top            ;
; PARTITION_FITTER_PRESERVATION_LEVEL ; PLACEMENT_AND_ROUTING                 ; --            ; --          ; Top            ;
; PARTITION_NETLIST_TYPE              ; SOURCE                                ; --            ; --          ; Top            ;
; POWER_BOARD_THERMAL_MODEL           ; None (CONSERVATIVE)                   ; --            ; --          ; --             ;
; POWER_PRESET_COOLING_SOLUTION       ; 23 MM HEAT SINK WITH 200 LFPM AIRFLOW ; --            ; --          ; --             ;
; PROJECT_OUTPUT_DIRECTORY            ; output_files                          ; --            ; --          ; --             ;
+-------------------------------------+---------------------------------------+---------------+-------------+----------------+


+-------------------------------------------------------------------------------------------------------------------------------+
; Flow Elapsed Time                                                                                                             ;
+---------------------------+--------------+-------------------------+---------------------+------------------------------------+
; Module Name               ; Elapsed Time ; Average Processors Used ; Peak Virtual Memory ; Total CPU Time (on all processors) ;
+---------------------------+--------------+-------------------------+---------------------+------------------------------------+
; Analysis & Synthesis      ; 00:03:14     ; 1.0                     ; 862 MB              ; 00:03:44                           ;
; Fitter                    ; 00:01:21     ; 1.3                     ; 1526 MB             ; 00:01:22                           ;
; Assembler                 ; 00:00:16     ; 1.0                     ; 645 MB              ; 00:00:14                           ;
; TimeQuest Timing Analyzer ; 00:00:12     ; 1.1                     ; 831 MB              ; 00:00:10                           ;
; EDA Netlist Writer        ; 00:00:15     ; 1.0                     ; 650 MB              ; 00:00:12                           ;
; Total                     ; 00:05:18     ; --                      ; --                  ; 00:05:42                           ;
+---------------------------+--------------+-------------------------+---------------------+------------------------------------+


+----------------------------------------------------------------------------------------+
; Flow OS Summary                                                                        ;
+---------------------------+------------------+-----------+------------+----------------+
; Module Name               ; Machine Hostname ; OS Name   ; OS Version ; Processor type ;
+---------------------------+------------------+-----------+------------+----------------+
; Analysis & Synthesis      ; 9SX40FPNR3U7YZ4  ; Windows 7 ; 6.1        ; x86_64         ;
; Fitter                    ; 9SX40FPNR3U7YZ4  ; Windows 7 ; 6.1        ; x86_64         ;
; Assembler                 ; 9SX40FPNR3U7YZ4  ; Windows 7 ; 6.1        ; x86_64         ;
; TimeQuest Timing Analyzer ; 9SX40FPNR3U7YZ4  ; Windows 7 ; 6.1        ; x86_64         ;
; EDA Netlist Writer        ; 9SX40FPNR3U7YZ4  ; Windows 7 ; 6.1        ; x86_64         ;
+---------------------------+------------------+-----------+------------+----------------+


------------
; Flow Log ;
------------
quartus_map --read_settings_files=on --write_settings_files=off hello_world -c hello_world
quartus_fit --read_settings_files=off --write_settings_files=off hello_world -c hello_world
quartus_asm --read_settings_files=off --write_settings_files=off hello_world -c hello_world
quartus_sta hello_world -c hello_world
quartus_eda --read_settings_files=off --write_settings_files=off hello_world -c hello_world



